<?xml version="1.0" encoding="UTF-8" ?>
<testsuite failures="0" time="172.149" errors="0" skipped="0" tests="20" name="bmicalculator.test.RunCukesTest">
  <properties>
[...]
</properties>
  <testcase time="0.001" classname="Given I enter &quot;170&quot; as height     " name="Given I enter &quot;170&quot; as height     "/>
  <testcase time="0" classname="And I enter &quot;50&quot; as weight      " name="And I enter &quot;50&quot; as weight      "/>
  <testcase time="0" classname="And I press the Calculate button       " name="And I press the Calculate button       "/>
  <testcase time="0" classname="Then I should see &quot;17.30&quot; as bmi and &quot;Underweight&quot; as category        " name="Then I should see &quot;17.30&quot; as bmi and &quot;Underweight&quot; as category        "/>
  <testcase time="0.582" classname="| 170 | 50 | 17.30 | Underweight |    " name="| 170 | 50 | 17.30 | Underweight |    "/>
  <testcase time="0" classname="Given I enter &quot;181&quot; as height          " name="Given I enter &quot;181&quot; as height          "/>
  <testcase time="0" classname="And I enter &quot;80&quot; as weight           " name="And I enter &quot;80&quot; as weight           "/>
  <testcase time="0" classname="And I press the Calculate button            " name="And I press the Calculate button            "/>
  <testcase time="0" classname="Then I should see &quot;24.42&quot; as bmi and &quot;Normal&quot; as category             " name="Then I should see &quot;24.42&quot; as bmi and &quot;Normal&quot; as category             "/>
  <testcase time="0.467" classname="| 181 | 80 | 24.42 | Normal |         " name="| 181 | 80 | 24.42 | Normal |         "/>
  <testcase time="0" classname="Given I enter &quot;180&quot; as height               " name="Given I enter &quot;180&quot; as height               "/>
  <testcase time="0" classname="And I enter &quot;90&quot; as weight                " name="And I enter &quot;90&quot; as weight                "/>
  <testcase time="0" classname="And I press the Calculate button                 " name="And I press the Calculate button                 "/>
  <testcase time="0" classname="Then I should see &quot;27.78&quot; as bmi and &quot;Overweight&quot; as category                  " name="Then I should see &quot;27.78&quot; as bmi and &quot;Overweight&quot; as category                  "/>
  <testcase time="0.819" classname="| 180 | 90 | 27.78 | Overweight |              " name="| 180 | 90 | 27.78 | Overweight |              "/>
  <testcase time="0" classname="Given I enter &quot;175&quot; as height                    " name="Given I enter &quot;175&quot; as height                    "/>
  <testcase time="0" classname="And I enter &quot;100&quot; as weight                     " name="And I enter &quot;100&quot; as weight                     "/>
  <testcase time="0" classname="And I press the Calculate button                      " name="And I press the Calculate button                      "/>
  <testcase time="0" classname="Then I should see &quot;32.65&quot; as bmi and &quot;Obese&quot; as category                       " name="Then I should see &quot;32.65&quot; as bmi and &quot;Obese&quot; as category                       "/>
  <testcase time="0.776" classname="| 175 | 100 | 32.65 | Obese |                   " name="| 175 | 100 | 32.65 | Obese |                   "/>
</testsuite>